2012-11-22 17:11:48,051 [main] WARN  [org.eclipse.jetty.util.component.AbstractLifeCycle] - FAILED jsp: java.lang.NoClassDefFoundError: org/apache/juli/logging/LogFactory
java.lang.NoClassDefFoundError: org/apache/juli/logging/LogFactory
	at org.apache.jasper.servlet.JspServlet.<init>(JspServlet.java:61)
	at sun.reflect.NativeConstructorAccessorImpl.newInstance0(Native Method)
	at sun.reflect.NativeConstructorAccessorImpl.newInstance(NativeConstructorAccessorImpl.java:39)
	at sun.reflect.DelegatingConstructorAccessorImpl.newInstance(DelegatingConstructorAccessorImpl.java:27)
	at java.lang.reflect.Constructor.newInstance(Constructor.java:513)
	at java.lang.Class.newInstance0(Class.java:355)
	at java.lang.Class.newInstance(Class.java:308)
	at org.eclipse.jetty.servlet.ServletContextHandler$Context.createServlet(ServletContextHandler.java:615)
	at org.eclipse.jetty.servlet.ServletHolder.newInstance(ServletHolder.java:893)
	at org.eclipse.jetty.servlet.ServletHolder.initServlet(ServletHolder.java:463)
	at org.eclipse.jetty.servlet.ServletHolder.doStart(ServletHolder.java:293)
	at org.eclipse.jetty.util.component.AbstractLifeCycle.start(AbstractLifeCycle.java:64)
	at org.eclipse.jetty.servlet.ServletHandler.initialize(ServletHandler.java:739)
	at org.eclipse.jetty.servlet.ServletContextHandler.startContext(ServletContextHandler.java:254)
	at org.eclipse.jetty.webapp.WebAppContext.startContext(WebAppContext.java:1238)
	at org.eclipse.jetty.server.handler.ContextHandler.doStart(ContextHandler.java:683)
	at org.eclipse.jetty.webapp.WebAppContext.doStart(WebAppContext.java:480)
	at org.eclipse.jetty.util.component.AbstractLifeCycle.start(AbstractLifeCycle.java:64)
	at org.eclipse.jetty.server.handler.HandlerWrapper.doStart(HandlerWrapper.java:95)
	at org.eclipse.jetty.server.Server.doStart(Server.java:275)
	at org.eclipse.jetty.util.component.AbstractLifeCycle.start(AbstractLifeCycle.java:64)
	at org.springside.examples.quickstart.functional.QuickStartServer.main(QuickStartServer.java:28)
Caused by: java.lang.ClassNotFoundException: org.apache.juli.logging.LogFactory
	at java.net.URLClassLoader$1.run(URLClassLoader.java:200)
	at java.security.AccessController.doPrivileged(Native Method)
	at java.net.URLClassLoader.findClass(URLClassLoader.java:188)
	at java.lang.ClassLoader.loadClass(ClassLoader.java:306)
	at sun.misc.Launcher$AppClassLoader.loadClass(Launcher.java:276)
	at java.lang.ClassLoader.loadClass(ClassLoader.java:251)
	at java.lang.ClassLoader.loadClassInternal(ClassLoader.java:319)
	... 22 more
2012-11-22 17:11:49,051 [main] WARN  [org.eclipse.jetty.util.component.AbstractLifeCycle] - FAILED o.e.j.w.WebAppContext{/quickstart,file:/E:/ws/quickstart/src/main/webapp/},src/main/webapp: java.lang.NoClassDefFoundError: org/apache/juli/logging/LogFactory
java.lang.NoClassDefFoundError: org/apache/juli/logging/LogFactory
	at org.apache.jasper.servlet.JspServlet.<init>(JspServlet.java:61)
	at sun.reflect.NativeConstructorAccessorImpl.newInstance0(Native Method)
	at sun.reflect.NativeConstructorAccessorImpl.newInstance(NativeConstructorAccessorImpl.java:39)
	at sun.reflect.DelegatingConstructorAccessorImpl.newInstance(DelegatingConstructorAccessorImpl.java:27)
	at java.lang.reflect.Constructor.newInstance(Constructor.java:513)
	at java.lang.Class.newInstance0(Class.java:355)
	at java.lang.Class.newInstance(Class.java:308)
	at org.eclipse.jetty.servlet.ServletContextHandler$Context.createServlet(ServletContextHandler.java:615)
	at org.eclipse.jetty.servlet.ServletHolder.newInstance(ServletHolder.java:893)
	at org.eclipse.jetty.servlet.ServletHolder.initServlet(ServletHolder.java:463)
	at org.eclipse.jetty.servlet.ServletHolder.doStart(ServletHolder.java:293)
	at org.eclipse.jetty.util.component.AbstractLifeCycle.start(AbstractLifeCycle.java:64)
	at org.eclipse.jetty.servlet.ServletHandler.initialize(ServletHandler.java:739)
	at org.eclipse.jetty.servlet.ServletContextHandler.startContext(ServletContextHandler.java:254)
	at org.eclipse.jetty.webapp.WebAppContext.startContext(WebAppContext.java:1238)
	at org.eclipse.jetty.server.handler.ContextHandler.doStart(ContextHandler.java:683)
	at org.eclipse.jetty.webapp.WebAppContext.doStart(WebAppContext.java:480)
	at org.eclipse.jetty.util.component.AbstractLifeCycle.start(AbstractLifeCycle.java:64)
	at org.eclipse.jetty.server.handler.HandlerWrapper.doStart(HandlerWrapper.java:95)
	at org.eclipse.jetty.server.Server.doStart(Server.java:275)
	at org.eclipse.jetty.util.component.AbstractLifeCycle.start(AbstractLifeCycle.java:64)
	at org.springside.examples.quickstart.functional.QuickStartServer.main(QuickStartServer.java:28)
Caused by: java.lang.ClassNotFoundException: org.apache.juli.logging.LogFactory
	at java.net.URLClassLoader$1.run(URLClassLoader.java:200)
	at java.security.AccessController.doPrivileged(Native Method)
	at java.net.URLClassLoader.findClass(URLClassLoader.java:188)
	at java.lang.ClassLoader.loadClass(ClassLoader.java:306)
	at sun.misc.Launcher$AppClassLoader.loadClass(Launcher.java:276)
	at java.lang.ClassLoader.loadClass(ClassLoader.java:251)
	at java.lang.ClassLoader.loadClassInternal(ClassLoader.java:319)
	... 22 more
2012-11-22 17:11:49,051 [main] WARN  [org.eclipse.jetty.util.component.AbstractLifeCycle] - FAILED org.eclipse.jetty.server.Server@cf7fd0: java.lang.NoClassDefFoundError: org/apache/juli/logging/LogFactory
java.lang.NoClassDefFoundError: org/apache/juli/logging/LogFactory
	at org.apache.jasper.servlet.JspServlet.<init>(JspServlet.java:61)
	at sun.reflect.NativeConstructorAccessorImpl.newInstance0(Native Method)
	at sun.reflect.NativeConstructorAccessorImpl.newInstance(NativeConstructorAccessorImpl.java:39)
	at sun.reflect.DelegatingConstructorAccessorImpl.newInstance(DelegatingConstructorAccessorImpl.java:27)
	at java.lang.reflect.Constructor.newInstance(Constructor.java:513)
	at java.lang.Class.newInstance0(Class.java:355)
	at java.lang.Class.newInstance(Class.java:308)
	at org.eclipse.jetty.servlet.ServletContextHandler$Context.createServlet(ServletContextHandler.java:615)
	at org.eclipse.jetty.servlet.ServletHolder.newInstance(ServletHolder.java:893)
	at org.eclipse.jetty.servlet.ServletHolder.initServlet(ServletHolder.java:463)
	at org.eclipse.jetty.servlet.ServletHolder.doStart(ServletHolder.java:293)
	at org.eclipse.jetty.util.component.AbstractLifeCycle.start(AbstractLifeCycle.java:64)
	at org.eclipse.jetty.servlet.ServletHandler.initialize(ServletHandler.java:739)
	at org.eclipse.jetty.servlet.ServletContextHandler.startContext(ServletContextHandler.java:254)
	at org.eclipse.jetty.webapp.WebAppContext.startContext(WebAppContext.java:1238)
	at org.eclipse.jetty.server.handler.ContextHandler.doStart(ContextHandler.java:683)
	at org.eclipse.jetty.webapp.WebAppContext.doStart(WebAppContext.java:480)
	at org.eclipse.jetty.util.component.AbstractLifeCycle.start(AbstractLifeCycle.java:64)
	at org.eclipse.jetty.server.handler.HandlerWrapper.doStart(HandlerWrapper.java:95)
	at org.eclipse.jetty.server.Server.doStart(Server.java:275)
	at org.eclipse.jetty.util.component.AbstractLifeCycle.start(AbstractLifeCycle.java:64)
	at org.springside.examples.quickstart.functional.QuickStartServer.main(QuickStartServer.java:28)
Caused by: java.lang.ClassNotFoundException: org.apache.juli.logging.LogFactory
	at java.net.URLClassLoader$1.run(URLClassLoader.java:200)
	at java.security.AccessController.doPrivileged(Native Method)
	at java.net.URLClassLoader.findClass(URLClassLoader.java:188)
	at java.lang.ClassLoader.loadClass(ClassLoader.java:306)
	at sun.misc.Launcher$AppClassLoader.loadClass(Launcher.java:276)
	at java.lang.ClassLoader.loadClass(ClassLoader.java:251)
	at java.lang.ClassLoader.loadClassInternal(ClassLoader.java:319)
	... 22 more
2012-11-22 17:12:34,770 [qtp20929799-17] WARN  [org.eclipse.jetty.servlet.ServletHandler] - /quickstart/login
java.lang.NoClassDefFoundError: org/apache/el/ExpressionFactoryImpl
	at org.apache.jasper.JspCompilationContext.getDerivedPackageName(JspCompilationContext.java:454)
	at org.apache.jasper.JspCompilationContext.getServletPackageName(JspCompilationContext.java:443)
	at org.apache.jasper.JspCompilationContext.load(JspCompilationContext.java:626)
	at org.apache.jasper.servlet.JspServletWrapper.getServlet(JspServletWrapper.java:149)
	at org.apache.jasper.servlet.JspServletWrapper.handleJspException(JspServletWrapper.java:491)
	at org.apache.jasper.servlet.JspServletWrapper.service(JspServletWrapper.java:364)
	at org.apache.jasper.servlet.JspServlet.serviceJspFile(JspServlet.java:313)
	at org.apache.jasper.servlet.JspServlet.service(JspServlet.java:260)
	at javax.servlet.http.HttpServlet.service(HttpServlet.java:717)
	at org.eclipse.jetty.servlet.ServletHolder.handle(ServletHolder.java:652)
	at org.eclipse.jetty.servlet.ServletHandler.doHandle(ServletHandler.java:447)
	at org.eclipse.jetty.server.handler.ScopedHandler.handle(ScopedHandler.java:137)
	at org.eclipse.jetty.security.SecurityHandler.handle(SecurityHandler.java:577)
	at org.eclipse.jetty.server.session.SessionHandler.doHandle(SessionHandler.java:227)
	at org.eclipse.jetty.server.handler.ContextHandler.doHandle(ContextHandler.java:1038)
	at org.eclipse.jetty.servlet.ServletHandler.doScope(ServletHandler.java:374)
	at org.eclipse.jetty.server.session.SessionHandler.doScope(SessionHandler.java:189)
	at org.eclipse.jetty.server.handler.ContextHandler.doScope(ContextHandler.java:972)
	at org.eclipse.jetty.server.handler.ScopedHandler.handle(ScopedHandler.java:135)
	at org.eclipse.jetty.server.Dispatcher.forward(Dispatcher.java:293)
	at org.eclipse.jetty.server.Dispatcher.forward(Dispatcher.java:120)
	at org.springframework.web.servlet.view.InternalResourceView.renderMergedOutputModel(InternalResourceView.java:238)
	at org.springframework.web.servlet.view.AbstractView.render(AbstractView.java:262)
	at org.springframework.web.servlet.DispatcherServlet.render(DispatcherServlet.java:1180)
	at org.springframework.web.servlet.DispatcherServlet.doDispatch(DispatcherServlet.java:950)
	at org.springframework.web.servlet.DispatcherServlet.doService(DispatcherServlet.java:852)
	at org.springframework.web.servlet.FrameworkServlet.processRequest(FrameworkServlet.java:882)
	at org.springframework.web.servlet.FrameworkServlet.doGet(FrameworkServlet.java:778)
	at javax.servlet.http.HttpServlet.service(HttpServlet.java:617)
	at javax.servlet.http.HttpServlet.service(HttpServlet.java:717)
	at org.eclipse.jetty.servlet.ServletHolder.handle(ServletHolder.java:652)
	at org.eclipse.jetty.servlet.ServletHandler$CachedChain.doFilter(ServletHandler.java:1329)
	at com.opensymphony.sitemesh.webapp.SiteMeshFilter.obtainContent(SiteMeshFilter.java:129)
	at com.opensymphony.sitemesh.webapp.SiteMeshFilter.doFilter(SiteMeshFilter.java:77)
	at org.eclipse.jetty.servlet.ServletHandler$CachedChain.doFilter(ServletHandler.java:1300)
	at org.apache.shiro.web.servlet.ProxiedFilterChain.doFilter(ProxiedFilterChain.java:61)
	at org.apache.shiro.web.servlet.AdviceFilter.executeChain(AdviceFilter.java:108)
	at org.apache.shiro.web.servlet.AdviceFilter.doFilterInternal(AdviceFilter.java:137)
	at org.apache.shiro.web.servlet.OncePerRequestFilter.doFilter(OncePerRequestFilter.java:125)
	at org.apache.shiro.web.servlet.ProxiedFilterChain.doFilter(ProxiedFilterChain.java:66)
	at org.apache.shiro.web.servlet.AbstractShiroFilter.executeChain(AbstractShiroFilter.java:449)
	at org.apache.shiro.web.servlet.AbstractShiroFilter$1.call(AbstractShiroFilter.java:365)
	at org.apache.shiro.subject.support.SubjectCallable.doCall(SubjectCallable.java:90)
	at org.apache.shiro.subject.support.SubjectCallable.call(SubjectCallable.java:83)
	at org.apache.shiro.subject.support.DelegatingSubject.execute(DelegatingSubject.java:383)
	at org.apache.shiro.web.servlet.AbstractShiroFilter.doFilterInternal(AbstractShiroFilter.java:362)
	at org.apache.shiro.web.servlet.OncePerRequestFilter.doFilter(OncePerRequestFilter.java:125)
	at org.springframework.web.filter.DelegatingFilterProxy.invokeDelegate(DelegatingFilterProxy.java:346)
	at org.springframework.web.filter.DelegatingFilterProxy.doFilter(DelegatingFilterProxy.java:259)
	at org.eclipse.jetty.servlet.ServletHandler$CachedChain.doFilter(ServletHandler.java:1300)
	at org.springframework.orm.jpa.support.OpenEntityManagerInViewFilter.doFilterInternal(OpenEntityManagerInViewFilter.java:147)
	at org.springframework.web.filter.OncePerRequestFilter.doFilter(OncePerRequestFilter.java:76)
	at org.eclipse.jetty.servlet.ServletHandler$CachedChain.doFilter(ServletHandler.java:1300)
	at org.springframework.web.filter.CharacterEncodingFilter.doFilterInternal(CharacterEncodingFilter.java:88)
	at org.springframework.web.filter.OncePerRequestFilter.doFilter(OncePerRequestFilter.java:76)
	at org.eclipse.jetty.servlet.ServletHandler$CachedChain.doFilter(ServletHandler.java:1300)
	at org.eclipse.jetty.servlet.ServletHandler.doHandle(ServletHandler.java:445)
	at org.eclipse.jetty.server.handler.ScopedHandler.handle(ScopedHandler.java:137)
	at org.eclipse.jetty.security.SecurityHandler.handle(SecurityHandler.java:559)
	at org.eclipse.jetty.server.session.SessionHandler.doHandle(SessionHandler.java:227)
	at org.eclipse.jetty.server.handler.ContextHandler.doHandle(ContextHandler.java:1038)
	at org.eclipse.jetty.servlet.ServletHandler.doScope(ServletHandler.java:374)
	at org.eclipse.jetty.server.session.SessionHandler.doScope(SessionHandler.java:189)
	at org.eclipse.jetty.server.handler.ContextHandler.doScope(ContextHandler.java:972)
	at org.eclipse.jetty.server.handler.ScopedHandler.handle(ScopedHandler.java:135)
	at org.eclipse.jetty.server.handler.HandlerWrapper.handle(HandlerWrapper.java:116)
	at org.eclipse.jetty.server.Server.handle(Server.java:363)
	at org.eclipse.jetty.server.AbstractHttpConnection.handleRequest(AbstractHttpConnection.java:483)
	at org.eclipse.jetty.server.AbstractHttpConnection.headerComplete(AbstractHttpConnection.java:920)
	at org.eclipse.jetty.server.AbstractHttpConnection$RequestHandler.headerComplete(AbstractHttpConnection.java:982)
	at org.eclipse.jetty.http.HttpParser.parseNext(HttpParser.java:635)
	at org.eclipse.jetty.http.HttpParser.parseAvailable(HttpParser.java:235)
	at org.eclipse.jetty.server.AsyncHttpConnection.handle(AsyncHttpConnection.java:82)
	at org.eclipse.jetty.io.nio.SelectChannelEndPoint.handle(SelectChannelEndPoint.java:627)
	at org.eclipse.jetty.io.nio.SelectChannelEndPoint$1.run(SelectChannelEndPoint.java:51)
	at org.eclipse.jetty.util.thread.QueuedThreadPool.runJob(QueuedThreadPool.java:608)
	at org.eclipse.jetty.util.thread.QueuedThreadPool$3.run(QueuedThreadPool.java:543)
	at java.lang.Thread.run(Thread.java:619)
Caused by: java.lang.ClassNotFoundException: org.apache.el.ExpressionFactoryImpl
	at java.net.URLClassLoader$1.run(URLClassLoader.java:200)
	at java.security.AccessController.doPrivileged(Native Method)
	at java.net.URLClassLoader.findClass(URLClassLoader.java:188)
	at java.lang.ClassLoader.loadClass(ClassLoader.java:306)
	at sun.misc.Launcher$AppClassLoader.loadClass(Launcher.java:276)
	at java.lang.ClassLoader.loadClass(ClassLoader.java:251)
	at java.lang.ClassLoader.loadClassInternal(ClassLoader.java:319)
	... 78 more
2012-11-22 17:12:34,786 [qtp20929799-17] WARN  [org.eclipse.jetty.servlet.ErrorPageErrorHandler] - EXCEPTION 
javax.servlet.ServletException: java.lang.NoClassDefFoundError: org/apache/el/ExpressionFactoryImpl
	at org.apache.jasper.servlet.JspServlet.service(JspServlet.java:268)
	at javax.servlet.http.HttpServlet.service(HttpServlet.java:717)
	at org.eclipse.jetty.servlet.ServletHolder.handle(ServletHolder.java:652)
	at org.eclipse.jetty.servlet.ServletHandler.doHandle(ServletHandler.java:447)
	at org.eclipse.jetty.server.handler.ScopedHandler.handle(ScopedHandler.java:137)
	at org.eclipse.jetty.security.SecurityHandler.handle(SecurityHandler.java:577)
	at org.eclipse.jetty.server.session.SessionHandler.doHandle(SessionHandler.java:227)
	at org.eclipse.jetty.server.handler.ContextHandler.doHandle(ContextHandler.java:1038)
	at org.eclipse.jetty.servlet.ServletHandler.doScope(ServletHandler.java:374)
	at org.eclipse.jetty.server.session.SessionHandler.doScope(SessionHandler.java:189)
	at org.eclipse.jetty.server.handler.ContextHandler.doScope(ContextHandler.java:972)
	at org.eclipse.jetty.server.handler.ScopedHandler.handle(ScopedHandler.java:135)
	at org.eclipse.jetty.server.Dispatcher.forward(Dispatcher.java:293)
	at org.eclipse.jetty.server.Dispatcher.error(Dispatcher.java:129)
	at org.eclipse.jetty.servlet.ErrorPageErrorHandler.handle(ErrorPageErrorHandler.java:136)
	at org.eclipse.jetty.server.Response.sendError(Response.java:347)
	at org.eclipse.jetty.servlet.ServletHandler.doHandle(ServletHandler.java:530)
	at org.eclipse.jetty.server.handler.ScopedHandler.handle(ScopedHandler.java:137)
	at org.eclipse.jetty.security.SecurityHandler.handle(SecurityHandler.java:559)
	at org.eclipse.jetty.server.session.SessionHandler.doHandle(SessionHandler.java:227)
	at org.eclipse.jetty.server.handler.ContextHandler.doHandle(ContextHandler.java:1038)
	at org.eclipse.jetty.servlet.ServletHandler.doScope(ServletHandler.java:374)
	at org.eclipse.jetty.server.session.SessionHandler.doScope(SessionHandler.java:189)
	at org.eclipse.jetty.server.handler.ContextHandler.doScope(ContextHandler.java:972)
	at org.eclipse.jetty.server.handler.ScopedHandler.handle(ScopedHandler.java:135)
	at org.eclipse.jetty.server.handler.HandlerWrapper.handle(HandlerWrapper.java:116)
	at org.eclipse.jetty.server.Server.handle(Server.java:363)
	at org.eclipse.jetty.server.AbstractHttpConnection.handleRequest(AbstractHttpConnection.java:483)
	at org.eclipse.jetty.server.AbstractHttpConnection.headerComplete(AbstractHttpConnection.java:920)
	at org.eclipse.jetty.server.AbstractHttpConnection$RequestHandler.headerComplete(AbstractHttpConnection.java:982)
	at org.eclipse.jetty.http.HttpParser.parseNext(HttpParser.java:635)
	at org.eclipse.jetty.http.HttpParser.parseAvailable(HttpParser.java:235)
	at org.eclipse.jetty.server.AsyncHttpConnection.handle(AsyncHttpConnection.java:82)
	at org.eclipse.jetty.io.nio.SelectChannelEndPoint.handle(SelectChannelEndPoint.java:627)
	at org.eclipse.jetty.io.nio.SelectChannelEndPoint$1.run(SelectChannelEndPoint.java:51)
	at org.eclipse.jetty.util.thread.QueuedThreadPool.runJob(QueuedThreadPool.java:608)
	at org.eclipse.jetty.util.thread.QueuedThreadPool$3.run(QueuedThreadPool.java:543)
	at java.lang.Thread.run(Thread.java:619)
Caused by: java.lang.NoClassDefFoundError: org/apache/el/ExpressionFactoryImpl
	at org.apache.jasper.JspCompilationContext.getDerivedPackageName(JspCompilationContext.java:454)
	at org.apache.jasper.JspCompilationContext.getServletPackageName(JspCompilationContext.java:443)
	at org.apache.jasper.JspCompilationContext.load(JspCompilationContext.java:626)
	at org.apache.jasper.servlet.JspServletWrapper.getServlet(JspServletWrapper.java:149)
	at org.apache.jasper.servlet.JspServletWrapper.handleJspException(JspServletWrapper.java:491)
	at org.apache.jasper.servlet.JspServletWrapper.service(JspServletWrapper.java:364)
	at org.apache.jasper.servlet.JspServlet.serviceJspFile(JspServlet.java:313)
	at org.apache.jasper.servlet.JspServlet.service(JspServlet.java:260)
	... 37 more
Caused by: java.lang.ClassNotFoundException: org.apache.el.ExpressionFactoryImpl
	at java.net.URLClassLoader$1.run(URLClassLoader.java:200)
	at java.security.AccessController.doPrivileged(Native Method)
	at java.net.URLClassLoader.findClass(URLClassLoader.java:188)
	at java.lang.ClassLoader.loadClass(ClassLoader.java:306)
	at sun.misc.Launcher$AppClassLoader.loadClass(Launcher.java:276)
	at java.lang.ClassLoader.loadClass(ClassLoader.java:251)
	at java.lang.ClassLoader.loadClassInternal(ClassLoader.java:319)
	... 45 more
2012-11-22 17:14:54,505 [qtp20929799-17] WARN  [org.eclipse.jetty.servlet.ServletHandler] - /quickstart/login
java.lang.IllegalStateException: No Java compiler available
	at org.apache.jasper.JspCompilationContext.createCompiler(JspCompilationContext.java:229)
	at org.apache.jasper.JspCompilationContext.compile(JspCompilationContext.java:584)
	at org.apache.jasper.servlet.JspServletWrapper.service(JspServletWrapper.java:328)
	at org.apache.jasper.servlet.JspServlet.serviceJspFile(JspServlet.java:313)
	at org.apache.jasper.servlet.JspServlet.service(JspServlet.java:260)
	at javax.servlet.http.HttpServlet.service(HttpServlet.java:717)
	at org.eclipse.jetty.servlet.ServletHolder.handle(ServletHolder.java:652)
	at org.eclipse.jetty.servlet.ServletHandler.doHandle(ServletHandler.java:447)
	at org.eclipse.jetty.server.handler.ScopedHandler.handle(ScopedHandler.java:137)
	at org.eclipse.jetty.security.SecurityHandler.handle(SecurityHandler.java:577)
	at org.eclipse.jetty.server.session.SessionHandler.doHandle(SessionHandler.java:227)
	at org.eclipse.jetty.server.handler.ContextHandler.doHandle(ContextHandler.java:1038)
	at org.eclipse.jetty.servlet.ServletHandler.doScope(ServletHandler.java:374)
	at org.eclipse.jetty.server.session.SessionHandler.doScope(SessionHandler.java:189)
	at org.eclipse.jetty.server.handler.ContextHandler.doScope(ContextHandler.java:972)
	at org.eclipse.jetty.server.handler.ScopedHandler.handle(ScopedHandler.java:135)
	at org.eclipse.jetty.server.Dispatcher.forward(Dispatcher.java:293)
	at org.eclipse.jetty.server.Dispatcher.forward(Dispatcher.java:120)
	at org.springframework.web.servlet.view.InternalResourceView.renderMergedOutputModel(InternalResourceView.java:238)
	at org.springframework.web.servlet.view.AbstractView.render(AbstractView.java:262)
	at org.springframework.web.servlet.DispatcherServlet.render(DispatcherServlet.java:1180)
	at org.springframework.web.servlet.DispatcherServlet.doDispatch(DispatcherServlet.java:950)
	at org.springframework.web.servlet.DispatcherServlet.doService(DispatcherServlet.java:852)
	at org.springframework.web.servlet.FrameworkServlet.processRequest(FrameworkServlet.java:882)
	at org.springframework.web.servlet.FrameworkServlet.doGet(FrameworkServlet.java:778)
	at javax.servlet.http.HttpServlet.service(HttpServlet.java:617)
	at javax.servlet.http.HttpServlet.service(HttpServlet.java:717)
	at org.eclipse.jetty.servlet.ServletHolder.handle(ServletHolder.java:652)
	at org.eclipse.jetty.servlet.ServletHandler$CachedChain.doFilter(ServletHandler.java:1329)
	at com.opensymphony.sitemesh.webapp.SiteMeshFilter.obtainContent(SiteMeshFilter.java:129)
	at com.opensymphony.sitemesh.webapp.SiteMeshFilter.doFilter(SiteMeshFilter.java:77)
	at org.eclipse.jetty.servlet.ServletHandler$CachedChain.doFilter(ServletHandler.java:1300)
	at org.apache.shiro.web.servlet.ProxiedFilterChain.doFilter(ProxiedFilterChain.java:61)
	at org.apache.shiro.web.servlet.AdviceFilter.executeChain(AdviceFilter.java:108)
	at org.apache.shiro.web.servlet.AdviceFilter.doFilterInternal(AdviceFilter.java:137)
	at org.apache.shiro.web.servlet.OncePerRequestFilter.doFilter(OncePerRequestFilter.java:125)
	at org.apache.shiro.web.servlet.ProxiedFilterChain.doFilter(ProxiedFilterChain.java:66)
	at org.apache.shiro.web.servlet.AbstractShiroFilter.executeChain(AbstractShiroFilter.java:449)
	at org.apache.shiro.web.servlet.AbstractShiroFilter$1.call(AbstractShiroFilter.java:365)
	at org.apache.shiro.subject.support.SubjectCallable.doCall(SubjectCallable.java:90)
	at org.apache.shiro.subject.support.SubjectCallable.call(SubjectCallable.java:83)
	at org.apache.shiro.subject.support.DelegatingSubject.execute(DelegatingSubject.java:383)
	at org.apache.shiro.web.servlet.AbstractShiroFilter.doFilterInternal(AbstractShiroFilter.java:362)
	at org.apache.shiro.web.servlet.OncePerRequestFilter.doFilter(OncePerRequestFilter.java:125)
	at org.springframework.web.filter.DelegatingFilterProxy.invokeDelegate(DelegatingFilterProxy.java:346)
	at org.springframework.web.filter.DelegatingFilterProxy.doFilter(DelegatingFilterProxy.java:259)
	at org.eclipse.jetty.servlet.ServletHandler$CachedChain.doFilter(ServletHandler.java:1300)
	at org.springframework.orm.jpa.support.OpenEntityManagerInViewFilter.doFilterInternal(OpenEntityManagerInViewFilter.java:147)
	at org.springframework.web.filter.OncePerRequestFilter.doFilter(OncePerRequestFilter.java:76)
	at org.eclipse.jetty.servlet.ServletHandler$CachedChain.doFilter(ServletHandler.java:1300)
	at org.springframework.web.filter.CharacterEncodingFilter.doFilterInternal(CharacterEncodingFilter.java:88)
	at org.springframework.web.filter.OncePerRequestFilter.doFilter(OncePerRequestFilter.java:76)
	at org.eclipse.jetty.servlet.ServletHandler$CachedChain.doFilter(ServletHandler.java:1300)
	at org.eclipse.jetty.servlet.ServletHandler.doHandle(ServletHandler.java:445)
	at org.eclipse.jetty.server.handler.ScopedHandler.handle(ScopedHandler.java:137)
	at org.eclipse.jetty.security.SecurityHandler.handle(SecurityHandler.java:559)
	at org.eclipse.jetty.server.session.SessionHandler.doHandle(SessionHandler.java:227)
	at org.eclipse.jetty.server.handler.ContextHandler.doHandle(ContextHandler.java:1038)
	at org.eclipse.jetty.servlet.ServletHandler.doScope(ServletHandler.java:374)
	at org.eclipse.jetty.server.session.SessionHandler.doScope(SessionHandler.java:189)
	at org.eclipse.jetty.server.handler.ContextHandler.doScope(ContextHandler.java:972)
	at org.eclipse.jetty.server.handler.ScopedHandler.handle(ScopedHandler.java:135)
	at org.eclipse.jetty.server.handler.HandlerWrapper.handle(HandlerWrapper.java:116)
	at org.eclipse.jetty.server.Server.handle(Server.java:363)
	at org.eclipse.jetty.server.AbstractHttpConnection.handleRequest(AbstractHttpConnection.java:483)
	at org.eclipse.jetty.server.AbstractHttpConnection.headerComplete(AbstractHttpConnection.java:920)
	at org.eclipse.jetty.server.AbstractHttpConnection$RequestHandler.headerComplete(AbstractHttpConnection.java:982)
	at org.eclipse.jetty.http.HttpParser.parseNext(HttpParser.java:635)
	at org.eclipse.jetty.http.HttpParser.parseAvailable(HttpParser.java:235)
	at org.eclipse.jetty.server.AsyncHttpConnection.handle(AsyncHttpConnection.java:82)
	at org.eclipse.jetty.io.nio.SelectChannelEndPoint.handle(SelectChannelEndPoint.java:627)
	at org.eclipse.jetty.io.nio.SelectChannelEndPoint$1.run(SelectChannelEndPoint.java:51)
	at org.eclipse.jetty.util.thread.QueuedThreadPool.runJob(QueuedThreadPool.java:608)
	at org.eclipse.jetty.util.thread.QueuedThreadPool$3.run(QueuedThreadPool.java:543)
	at java.lang.Thread.run(Thread.java:619)
2012-11-22 17:14:54,505 [qtp20929799-17] WARN  [org.eclipse.jetty.servlet.ErrorPageErrorHandler] - EXCEPTION 
org.apache.jasper.JasperException: java.lang.IllegalStateException: No Java compiler available
	at org.apache.jasper.servlet.JspServletWrapper.handleJspException(JspServletWrapper.java:538)
	at org.apache.jasper.servlet.JspServletWrapper.service(JspServletWrapper.java:364)
	at org.apache.jasper.servlet.JspServlet.serviceJspFile(JspServlet.java:313)
	at org.apache.jasper.servlet.JspServlet.service(JspServlet.java:260)
	at javax.servlet.http.HttpServlet.service(HttpServlet.java:717)
	at org.eclipse.jetty.servlet.ServletHolder.handle(ServletHolder.java:652)
	at org.eclipse.jetty.servlet.ServletHandler.doHandle(ServletHandler.java:447)
	at org.eclipse.jetty.server.handler.ScopedHandler.handle(ScopedHandler.java:137)
	at org.eclipse.jetty.security.SecurityHandler.handle(SecurityHandler.java:577)
	at org.eclipse.jetty.server.session.SessionHandler.doHandle(SessionHandler.java:227)
	at org.eclipse.jetty.server.handler.ContextHandler.doHandle(ContextHandler.java:1038)
	at org.eclipse.jetty.servlet.ServletHandler.doScope(ServletHandler.java:374)
	at org.eclipse.jetty.server.session.SessionHandler.doScope(SessionHandler.java:189)
	at org.eclipse.jetty.server.handler.ContextHandler.doScope(ContextHandler.java:972)
	at org.eclipse.jetty.server.handler.ScopedHandler.handle(ScopedHandler.java:135)
	at org.eclipse.jetty.server.Dispatcher.forward(Dispatcher.java:293)
	at org.eclipse.jetty.server.Dispatcher.error(Dispatcher.java:129)
	at org.eclipse.jetty.servlet.ErrorPageErrorHandler.handle(ErrorPageErrorHandler.java:136)
	at org.eclipse.jetty.server.Response.sendError(Response.java:347)
	at org.eclipse.jetty.servlet.ServletHandler.doHandle(ServletHandler.java:530)
	at org.eclipse.jetty.server.handler.ScopedHandler.handle(ScopedHandler.java:137)
	at org.eclipse.jetty.security.SecurityHandler.handle(SecurityHandler.java:559)
	at org.eclipse.jetty.server.session.SessionHandler.doHandle(SessionHandler.java:227)
	at org.eclipse.jetty.server.handler.ContextHandler.doHandle(ContextHandler.java:1038)
	at org.eclipse.jetty.servlet.ServletHandler.doScope(ServletHandler.java:374)
	at org.eclipse.jetty.server.session.SessionHandler.doScope(SessionHandler.java:189)
	at org.eclipse.jetty.server.handler.ContextHandler.doScope(ContextHandler.java:972)
	at org.eclipse.jetty.server.handler.ScopedHandler.handle(ScopedHandler.java:135)
	at org.eclipse.jetty.server.handler.HandlerWrapper.handle(HandlerWrapper.java:116)
	at org.eclipse.jetty.server.Server.handle(Server.java:363)
	at org.eclipse.jetty.server.AbstractHttpConnection.handleRequest(AbstractHttpConnection.java:483)
	at org.eclipse.jetty.server.AbstractHttpConnection.headerComplete(AbstractHttpConnection.java:920)
	at org.eclipse.jetty.server.AbstractHttpConnection$RequestHandler.headerComplete(AbstractHttpConnection.java:982)
	at org.eclipse.jetty.http.HttpParser.parseNext(HttpParser.java:635)
	at org.eclipse.jetty.http.HttpParser.parseAvailable(HttpParser.java:235)
	at org.eclipse.jetty.server.AsyncHttpConnection.handle(AsyncHttpConnection.java:82)
	at org.eclipse.jetty.io.nio.SelectChannelEndPoint.handle(SelectChannelEndPoint.java:627)
	at org.eclipse.jetty.io.nio.SelectChannelEndPoint$1.run(SelectChannelEndPoint.java:51)
	at org.eclipse.jetty.util.thread.QueuedThreadPool.runJob(QueuedThreadPool.java:608)
	at org.eclipse.jetty.util.thread.QueuedThreadPool$3.run(QueuedThreadPool.java:543)
	at java.lang.Thread.run(Thread.java:619)
Caused by: java.lang.IllegalStateException: No Java compiler available
	at org.apache.jasper.JspCompilationContext.createCompiler(JspCompilationContext.java:229)
	at org.apache.jasper.JspCompilationContext.compile(JspCompilationContext.java:584)
	at org.apache.jasper.servlet.JspServletWrapper.service(JspServletWrapper.java:328)
	... 39 more
2012-11-22 17:20:18,474 [main] WARN  [org.eclipse.jetty.util.component.AbstractLifeCycle] - FAILED shiroFilter: org.springframework.beans.factory.NoSuchBeanDefinitionException: No bean named 'shiroFilter' is defined
org.springframework.beans.factory.NoSuchBeanDefinitionException: No bean named 'shiroFilter' is defined
	at org.springframework.beans.factory.support.DefaultListableBeanFactory.getBeanDefinition(DefaultListableBeanFactory.java:553)
	at org.springframework.beans.factory.support.AbstractBeanFactory.getMergedLocalBeanDefinition(AbstractBeanFactory.java:1095)
	at org.springframework.beans.factory.support.AbstractBeanFactory.doGetBean(AbstractBeanFactory.java:277)
	at org.springframework.beans.factory.support.AbstractBeanFactory.getBean(AbstractBeanFactory.java:197)
	at org.springframework.context.support.AbstractApplicationContext.getBean(AbstractApplicationContext.java:1102)
	at org.springframework.web.filter.DelegatingFilterProxy.initDelegate(DelegatingFilterProxy.java:326)
	at org.springframework.web.filter.DelegatingFilterProxy.initFilterBean(DelegatingFilterProxy.java:236)
	at org.springframework.web.filter.GenericFilterBean.init(GenericFilterBean.java:194)
	at org.eclipse.jetty.servlet.FilterHolder.doStart(FilterHolder.java:107)
	at org.eclipse.jetty.util.component.AbstractLifeCycle.start(AbstractLifeCycle.java:64)
	at org.eclipse.jetty.servlet.ServletHandler.initialize(ServletHandler.java:716)
	at org.eclipse.jetty.servlet.ServletContextHandler.startContext(ServletContextHandler.java:254)
	at org.eclipse.jetty.webapp.WebAppContext.startContext(WebAppContext.java:1238)
	at org.eclipse.jetty.server.handler.ContextHandler.doStart(ContextHandler.java:683)
	at org.eclipse.jetty.webapp.WebAppContext.doStart(WebAppContext.java:480)
	at org.eclipse.jetty.util.component.AbstractLifeCycle.start(AbstractLifeCycle.java:64)
	at org.eclipse.jetty.server.handler.HandlerWrapper.doStart(HandlerWrapper.java:95)
	at org.eclipse.jetty.server.Server.doStart(Server.java:275)
	at org.eclipse.jetty.util.component.AbstractLifeCycle.start(AbstractLifeCycle.java:64)
	at org.springside.examples.quickstart.functional.QuickStartServer.main(QuickStartServer.java:28)
2012-11-22 17:20:18,474 [main] WARN  [org.eclipse.jetty.webapp.WebAppContext] - Failed startup of context o.e.j.w.WebAppContext{/quickstart,file:/E:/ws/quickstart/src/main/webapp/},src/main/webapp
org.springframework.beans.factory.NoSuchBeanDefinitionException: No bean named 'shiroFilter' is defined
	at org.springframework.beans.factory.support.DefaultListableBeanFactory.getBeanDefinition(DefaultListableBeanFactory.java:553)
	at org.springframework.beans.factory.support.AbstractBeanFactory.getMergedLocalBeanDefinition(AbstractBeanFactory.java:1095)
	at org.springframework.beans.factory.support.AbstractBeanFactory.doGetBean(AbstractBeanFactory.java:277)
	at org.springframework.beans.factory.support.AbstractBeanFactory.getBean(AbstractBeanFactory.java:197)
	at org.springframework.context.support.AbstractApplicationContext.getBean(AbstractApplicationContext.java:1102)
	at org.springframework.web.filter.DelegatingFilterProxy.initDelegate(DelegatingFilterProxy.java:326)
	at org.springframework.web.filter.DelegatingFilterProxy.initFilterBean(DelegatingFilterProxy.java:236)
	at org.springframework.web.filter.GenericFilterBean.init(GenericFilterBean.java:194)
	at org.eclipse.jetty.servlet.FilterHolder.doStart(FilterHolder.java:107)
	at org.eclipse.jetty.util.component.AbstractLifeCycle.start(AbstractLifeCycle.java:64)
	at org.eclipse.jetty.servlet.ServletHandler.initialize(ServletHandler.java:716)
	at org.eclipse.jetty.servlet.ServletContextHandler.startContext(ServletContextHandler.java:254)
	at org.eclipse.jetty.webapp.WebAppContext.startContext(WebAppContext.java:1238)
	at org.eclipse.jetty.server.handler.ContextHandler.doStart(ContextHandler.java:683)
	at org.eclipse.jetty.webapp.WebAppContext.doStart(WebAppContext.java:480)
	at org.eclipse.jetty.util.component.AbstractLifeCycle.start(AbstractLifeCycle.java:64)
	at org.eclipse.jetty.server.handler.HandlerWrapper.doStart(HandlerWrapper.java:95)
	at org.eclipse.jetty.server.Server.doStart(Server.java:275)
	at org.eclipse.jetty.util.component.AbstractLifeCycle.start(AbstractLifeCycle.java:64)
	at org.springside.examples.quickstart.functional.QuickStartServer.main(QuickStartServer.java:28)
2012-11-22 18:02:14,520 [main] WARN  [org.eclipse.jetty.util.component.AbstractLifeCycle] - FAILED shiroFilter: org.springframework.beans.factory.NoSuchBeanDefinitionException: No bean named 'shiroFilter' is defined
org.springframework.beans.factory.NoSuchBeanDefinitionException: No bean named 'shiroFilter' is defined
	at org.springframework.beans.factory.support.DefaultListableBeanFactory.getBeanDefinition(DefaultListableBeanFactory.java:553)
	at org.springframework.beans.factory.support.AbstractBeanFactory.getMergedLocalBeanDefinition(AbstractBeanFactory.java:1095)
	at org.springframework.beans.factory.support.AbstractBeanFactory.doGetBean(AbstractBeanFactory.java:277)
	at org.springframework.beans.factory.support.AbstractBeanFactory.getBean(AbstractBeanFactory.java:197)
	at org.springframework.context.support.AbstractApplicationContext.getBean(AbstractApplicationContext.java:1102)
	at org.springframework.web.filter.DelegatingFilterProxy.initDelegate(DelegatingFilterProxy.java:326)
	at org.springframework.web.filter.DelegatingFilterProxy.initFilterBean(DelegatingFilterProxy.java:236)
	at org.springframework.web.filter.GenericFilterBean.init(GenericFilterBean.java:194)
	at org.eclipse.jetty.servlet.FilterHolder.doStart(FilterHolder.java:107)
	at org.eclipse.jetty.util.component.AbstractLifeCycle.start(AbstractLifeCycle.java:64)
	at org.eclipse.jetty.servlet.ServletHandler.initialize(ServletHandler.java:716)
	at org.eclipse.jetty.servlet.ServletContextHandler.startContext(ServletContextHandler.java:254)
	at org.eclipse.jetty.webapp.WebAppContext.startContext(WebAppContext.java:1238)
	at org.eclipse.jetty.server.handler.ContextHandler.doStart(ContextHandler.java:683)
	at org.eclipse.jetty.webapp.WebAppContext.doStart(WebAppContext.java:480)
	at org.eclipse.jetty.util.component.AbstractLifeCycle.start(AbstractLifeCycle.java:64)
	at org.eclipse.jetty.server.handler.HandlerWrapper.doStart(HandlerWrapper.java:95)
	at org.eclipse.jetty.server.Server.doStart(Server.java:275)
	at org.eclipse.jetty.util.component.AbstractLifeCycle.start(AbstractLifeCycle.java:64)
	at org.springside.examples.quickstart.functional.BaseFunctionalTestCase.startJettyOnce(BaseFunctionalTestCase.java:65)
	at org.springside.examples.quickstart.functional.BaseFunctionalTestCase.beforeClass(BaseFunctionalTestCase.java:48)
	at sun.reflect.NativeMethodAccessorImpl.invoke0(Native Method)
	at sun.reflect.NativeMethodAccessorImpl.invoke(NativeMethodAccessorImpl.java:39)
	at sun.reflect.DelegatingMethodAccessorImpl.invoke(DelegatingMethodAccessorImpl.java:25)
	at java.lang.reflect.Method.invoke(Method.java:597)
	at org.junit.runners.model.FrameworkMethod$1.runReflectiveCall(FrameworkMethod.java:45)
	at org.junit.internal.runners.model.ReflectiveCallable.run(ReflectiveCallable.java:15)
	at org.junit.runners.model.FrameworkMethod.invokeExplosively(FrameworkMethod.java:42)
	at org.junit.internal.runners.statements.RunBefores.evaluate(RunBefores.java:27)
	at org.junit.runners.ParentRunner.run(ParentRunner.java:300)
	at org.eclipse.jdt.internal.junit4.runner.JUnit4TestReference.run(JUnit4TestReference.java:38)
	at org.eclipse.jdt.internal.junit.runner.TestExecution.run(TestExecution.java:38)
	at org.eclipse.jdt.internal.junit.runner.RemoteTestRunner.runTests(RemoteTestRunner.java:460)
	at org.eclipse.jdt.internal.junit.runner.RemoteTestRunner.runTests(RemoteTestRunner.java:673)
	at org.eclipse.jdt.internal.junit.runner.RemoteTestRunner.run(RemoteTestRunner.java:386)
	at org.eclipse.jdt.internal.junit.runner.RemoteTestRunner.main(RemoteTestRunner.java:196)
2012-11-22 18:02:14,520 [main] WARN  [org.eclipse.jetty.webapp.WebAppContext] - Failed startup of context o.e.j.w.WebAppContext{/quickstart,file:/E:/ws/quickstart/src/main/webapp/},src/main/webapp
org.springframework.beans.factory.NoSuchBeanDefinitionException: No bean named 'shiroFilter' is defined
	at org.springframework.beans.factory.support.DefaultListableBeanFactory.getBeanDefinition(DefaultListableBeanFactory.java:553)
	at org.springframework.beans.factory.support.AbstractBeanFactory.getMergedLocalBeanDefinition(AbstractBeanFactory.java:1095)
	at org.springframework.beans.factory.support.AbstractBeanFactory.doGetBean(AbstractBeanFactory.java:277)
	at org.springframework.beans.factory.support.AbstractBeanFactory.getBean(AbstractBeanFactory.java:197)
	at org.springframework.context.support.AbstractApplicationContext.getBean(AbstractApplicationContext.java:1102)
	at org.springframework.web.filter.DelegatingFilterProxy.initDelegate(DelegatingFilterProxy.java:326)
	at org.springframework.web.filter.DelegatingFilterProxy.initFilterBean(DelegatingFilterProxy.java:236)
	at org.springframework.web.filter.GenericFilterBean.init(GenericFilterBean.java:194)
	at org.eclipse.jetty.servlet.FilterHolder.doStart(FilterHolder.java:107)
	at org.eclipse.jetty.util.component.AbstractLifeCycle.start(AbstractLifeCycle.java:64)
	at org.eclipse.jetty.servlet.ServletHandler.initialize(ServletHandler.java:716)
	at org.eclipse.jetty.servlet.ServletContextHandler.startContext(ServletContextHandler.java:254)
	at org.eclipse.jetty.webapp.WebAppContext.startContext(WebAppContext.java:1238)
	at org.eclipse.jetty.server.handler.ContextHandler.doStart(ContextHandler.java:683)
	at org.eclipse.jetty.webapp.WebAppContext.doStart(WebAppContext.java:480)
	at org.eclipse.jetty.util.component.AbstractLifeCycle.start(AbstractLifeCycle.java:64)
	at org.eclipse.jetty.server.handler.HandlerWrapper.doStart(HandlerWrapper.java:95)
	at org.eclipse.jetty.server.Server.doStart(Server.java:275)
	at org.eclipse.jetty.util.component.AbstractLifeCycle.start(AbstractLifeCycle.java:64)
	at org.springside.examples.quickstart.functional.BaseFunctionalTestCase.startJettyOnce(BaseFunctionalTestCase.java:65)
	at org.springside.examples.quickstart.functional.BaseFunctionalTestCase.beforeClass(BaseFunctionalTestCase.java:48)
	at sun.reflect.NativeMethodAccessorImpl.invoke0(Native Method)
	at sun.reflect.NativeMethodAccessorImpl.invoke(NativeMethodAccessorImpl.java:39)
	at sun.reflect.DelegatingMethodAccessorImpl.invoke(DelegatingMethodAccessorImpl.java:25)
	at java.lang.reflect.Method.invoke(Method.java:597)
	at org.junit.runners.model.FrameworkMethod$1.runReflectiveCall(FrameworkMethod.java:45)
	at org.junit.internal.runners.model.ReflectiveCallable.run(ReflectiveCallable.java:15)
	at org.junit.runners.model.FrameworkMethod.invokeExplosively(FrameworkMethod.java:42)
	at org.junit.internal.runners.statements.RunBefores.evaluate(RunBefores.java:27)
	at org.junit.runners.ParentRunner.run(ParentRunner.java:300)
	at org.eclipse.jdt.internal.junit4.runner.JUnit4TestReference.run(JUnit4TestReference.java:38)
	at org.eclipse.jdt.internal.junit.runner.TestExecution.run(TestExecution.java:38)
	at org.eclipse.jdt.internal.junit.runner.RemoteTestRunner.runTests(RemoteTestRunner.java:460)
	at org.eclipse.jdt.internal.junit.runner.RemoteTestRunner.runTests(RemoteTestRunner.java:673)
	at org.eclipse.jdt.internal.junit.runner.RemoteTestRunner.run(RemoteTestRunner.java:386)
	at org.eclipse.jdt.internal.junit.runner.RemoteTestRunner.main(RemoteTestRunner.java:196)
2012-11-22 18:02:14,536 [main] WARN  [org.eclipse.jetty.util.component.AbstractLifeCycle] - FAILED SelectChannelConnector@0.0.0.0:8080: java.net.BindException: Address already in use: bind
java.net.BindException: Address already in use: bind
	at sun.nio.ch.Net.bind(Native Method)
	at sun.nio.ch.ServerSocketChannelImpl.bind(ServerSocketChannelImpl.java:119)
	at sun.nio.ch.ServerSocketAdaptor.bind(ServerSocketAdaptor.java:59)
	at org.eclipse.jetty.server.nio.SelectChannelConnector.open(SelectChannelConnector.java:187)
	at org.eclipse.jetty.server.AbstractConnector.doStart(AbstractConnector.java:316)
	at org.eclipse.jetty.server.nio.SelectChannelConnector.doStart(SelectChannelConnector.java:265)
	at org.eclipse.jetty.util.component.AbstractLifeCycle.start(AbstractLifeCycle.java:64)
	at org.eclipse.jetty.server.Server.doStart(Server.java:286)
	at org.eclipse.jetty.util.component.AbstractLifeCycle.start(AbstractLifeCycle.java:64)
	at org.springside.examples.quickstart.functional.BaseFunctionalTestCase.startJettyOnce(BaseFunctionalTestCase.java:65)
	at org.springside.examples.quickstart.functional.BaseFunctionalTestCase.beforeClass(BaseFunctionalTestCase.java:48)
	at sun.reflect.NativeMethodAccessorImpl.invoke0(Native Method)
	at sun.reflect.NativeMethodAccessorImpl.invoke(NativeMethodAccessorImpl.java:39)
	at sun.reflect.DelegatingMethodAccessorImpl.invoke(DelegatingMethodAccessorImpl.java:25)
	at java.lang.reflect.Method.invoke(Method.java:597)
	at org.junit.runners.model.FrameworkMethod$1.runReflectiveCall(FrameworkMethod.java:45)
	at org.junit.internal.runners.model.ReflectiveCallable.run(ReflectiveCallable.java:15)
	at org.junit.runners.model.FrameworkMethod.invokeExplosively(FrameworkMethod.java:42)
	at org.junit.internal.runners.statements.RunBefores.evaluate(RunBefores.java:27)
	at org.junit.runners.ParentRunner.run(ParentRunner.java:300)
	at org.eclipse.jdt.internal.junit4.runner.JUnit4TestReference.run(JUnit4TestReference.java:38)
	at org.eclipse.jdt.internal.junit.runner.TestExecution.run(TestExecution.java:38)
	at org.eclipse.jdt.internal.junit.runner.RemoteTestRunner.runTests(RemoteTestRunner.java:460)
	at org.eclipse.jdt.internal.junit.runner.RemoteTestRunner.runTests(RemoteTestRunner.java:673)
	at org.eclipse.jdt.internal.junit.runner.RemoteTestRunner.run(RemoteTestRunner.java:386)
	at org.eclipse.jdt.internal.junit.runner.RemoteTestRunner.main(RemoteTestRunner.java:196)
2012-11-22 18:02:14,536 [main] WARN  [org.eclipse.jetty.util.component.AbstractLifeCycle] - FAILED org.eclipse.jetty.server.Server@ab54eb: java.net.BindException: Address already in use: bind
java.net.BindException: Address already in use: bind
	at sun.nio.ch.Net.bind(Native Method)
	at sun.nio.ch.ServerSocketChannelImpl.bind(ServerSocketChannelImpl.java:119)
	at sun.nio.ch.ServerSocketAdaptor.bind(ServerSocketAdaptor.java:59)
	at org.eclipse.jetty.server.nio.SelectChannelConnector.open(SelectChannelConnector.java:187)
	at org.eclipse.jetty.server.AbstractConnector.doStart(AbstractConnector.java:316)
	at org.eclipse.jetty.server.nio.SelectChannelConnector.doStart(SelectChannelConnector.java:265)
	at org.eclipse.jetty.util.component.AbstractLifeCycle.start(AbstractLifeCycle.java:64)
	at org.eclipse.jetty.server.Server.doStart(Server.java:286)
	at org.eclipse.jetty.util.component.AbstractLifeCycle.start(AbstractLifeCycle.java:64)
	at org.springside.examples.quickstart.functional.BaseFunctionalTestCase.startJettyOnce(BaseFunctionalTestCase.java:65)
	at org.springside.examples.quickstart.functional.BaseFunctionalTestCase.beforeClass(BaseFunctionalTestCase.java:48)
	at sun.reflect.NativeMethodAccessorImpl.invoke0(Native Method)
	at sun.reflect.NativeMethodAccessorImpl.invoke(NativeMethodAccessorImpl.java:39)
	at sun.reflect.DelegatingMethodAccessorImpl.invoke(DelegatingMethodAccessorImpl.java:25)
	at java.lang.reflect.Method.invoke(Method.java:597)
	at org.junit.runners.model.FrameworkMethod$1.runReflectiveCall(FrameworkMethod.java:45)
	at org.junit.internal.runners.model.ReflectiveCallable.run(ReflectiveCallable.java:15)
	at org.junit.runners.model.FrameworkMethod.invokeExplosively(FrameworkMethod.java:42)
	at org.junit.internal.runners.statements.RunBefores.evaluate(RunBefores.java:27)
	at org.junit.runners.ParentRunner.run(ParentRunner.java:300)
	at org.eclipse.jdt.internal.junit4.runner.JUnit4TestReference.run(JUnit4TestReference.java:38)
	at org.eclipse.jdt.internal.junit.runner.TestExecution.run(TestExecution.java:38)
	at org.eclipse.jdt.internal.junit.runner.RemoteTestRunner.runTests(RemoteTestRunner.java:460)
	at org.eclipse.jdt.internal.junit.runner.RemoteTestRunner.runTests(RemoteTestRunner.java:673)
	at org.eclipse.jdt.internal.junit.runner.RemoteTestRunner.run(RemoteTestRunner.java:386)
	at org.eclipse.jdt.internal.junit.runner.RemoteTestRunner.main(RemoteTestRunner.java:196)
2012-11-22 18:02:45,207 [main] INFO  [org.springside.examples.quickstart.functional.BaseFunctionalTestCase] - Jetty Server started
2012-11-22 18:02:46,473 [main] WARN  [org.springframework.web.client.RestTemplate] - GET request for "http://localhost:8082/quickstart/api/v1/task/6" resulted in 404 (Not Found); invoking error handler
2012-11-22 18:02:46,536 [main] WARN  [org.springframework.web.client.RestTemplate] - POST request for "http://localhost:8082/quickstart/api/v1/task" resulted in 400 (Bad Request); invoking error handler
2012-11-22 18:03:16,285 [main] INFO  [org.springside.examples.quickstart.functional.BaseFunctionalTestCase] - Jetty Server started
2012-11-22 18:03:39,941 [main] INFO  [org.springside.examples.quickstart.functional.BaseFunctionalTestCase] - Jetty Server started
2012-11-22 18:03:56,441 [main] INFO  [org.springside.examples.quickstart.functional.BaseFunctionalTestCase] - Jetty Server started
2012-11-22 18:05:33,019 [main] INFO  [org.springside.examples.quickstart.functional.BaseFunctionalTestCase] - Jetty Server started
2012-11-22 18:06:15,628 [main] INFO  [org.springside.examples.quickstart.functional.BaseFunctionalTestCase] - Jetty Server started
2012-11-22 18:08:07,518 [main] INFO  [org.springside.examples.quickstart.functional.BaseFunctionalTestCase] - Jetty Server started
2012-11-22 18:08:33,690 [main] INFO  [org.springside.examples.quickstart.functional.BaseFunctionalTestCase] - Jetty Server started
2012-11-22 18:09:46,017 [main] INFO  [org.springside.examples.quickstart.functional.BaseFunctionalTestCase] - Jetty Server started
2012-11-22 18:10:16,345 [main] INFO  [org.springside.examples.quickstart.functional.BaseFunctionalTestCase] - Jetty Server started
